<testsuite tests='7' results='7' failures='0' disabled='0' errors='0' time='0.156' name='behavior.new_user_creation'>
  <testcase classname='behavior.new_user_creation' name='creation successful with correct username and password' time='0' />
  <testcase classname='behavior.new_user_creation' name='can login with succesfully generated account' time='0' />
  <testcase classname='behavior.new_user_creation' name='creation fails with correct username and too short password' time='0' />
  <testcase classname='behavior.new_user_creation' name='creation fails with correct username and password consisting of letters' time='0' />
  <testcase classname='behavior.new_user_creation' name='creation fails with too short username and valid password' time='0' />
  <testcase classname='behavior.new_user_creation' name='creation fails with already taken username and valid password' time='0' />
  <testcase classname='behavior.new_user_creation' name='can not login with account that is not successfully created' time='0' />
</testsuite>